<?xml version="1.0" encoding="utf-8"?><testsuites name="pytest tests"><testsuite name="pytest" errors="0" failures="0" skipped="0" tests="7" time="60.893" timestamp="2026-04-01T07:31:05.713574+00:00" hostname="agent-env-dd8ef96d-54f3-4622-903a-5154ad6688ed"><testcase classname="backend.tests.test_exam_builder.TestExamBuilderAPI" name="test_health_check" time="0.240" /><testcase classname="backend.tests.test_exam_builder.TestExamBuilderAPI" name="test_list_exams_endpoint" time="0.104" /><testcase classname="backend.tests.test_exam_builder.TestExamBuilderAPI" name="test_generate_exam_validation_empty_topics" time="12.512" /><testcase classname="backend.tests.test_exam_builder.TestExamBuilderAPI" name="test_generate_exam_full_flow" time="47.020" /><testcase classname="backend.tests.test_exam_builder.TestExamBuilderAPI" name="test_download_exam" time="0.648" /><testcase classname="backend.tests.test_exam_builder.TestExamBuilderAPI" name="test_download_nonexistent_exam" time="0.097" /><testcase classname="backend.tests.test_exam_builder.TestExamBuilderDataPersistence" name="test_exam_appears_in_list_after_generation" time="0.161" /></testsuite></testsuites>